<?xml version="1.0" encoding="UTF-8"?>
<testsuite name="org.ebayopensource.fido.uaf.crypto.Asn1Test" tests="3" skipped="0" failures="0" errors="0" timestamp="2017-09-03T01:16:46" hostname="NIrving-PC" time="0.326">
  <properties/>
  <testcase name="rickSafeURLEncoding" classname="org.ebayopensource.fido.uaf.crypto.Asn1Test" time="0.323"/>
  <testcase name="rick" classname="org.ebayopensource.fido.uaf.crypto.Asn1Test" time="0.003"/>
  <testcase name="test" classname="org.ebayopensource.fido.uaf.crypto.Asn1Test" time="0.0"/>
  <system-out><![CDATA[]]></system-out>
  <system-err><![CDATA[]]></system-err>
</testsuite>
