<?xml version="1.0" encoding="UTF-8"?>
<testsuite name="org.ebayopensource.fido.uaf.tlv.TagAssertionInfoTest" tests="6" skipped="0" failures="0" errors="0" timestamp="2017-09-03T01:16:49" hostname="NIrving-PC" time="0.005">
  <properties/>
  <testcase name="parserForAuthAssertionFromCertTool" classname="org.ebayopensource.fido.uaf.tlv.TagAssertionInfoTest" time="0.002"/>
  <testcase name="parserForRegAssertionFromCertTool" classname="org.ebayopensource.fido.uaf.tlv.TagAssertionInfoTest" time="0.001"/>
  <testcase name="parserForAuthAssertionFromClient" classname="org.ebayopensource.fido.uaf.tlv.TagAssertionInfoTest" time="0.0"/>
  <testcase name="parserForRegAssertionFromTestClient" classname="org.ebayopensource.fido.uaf.tlv.TagAssertionInfoTest" time="0.001"/>
  <testcase name="parserForAuthAssertion" classname="org.ebayopensource.fido.uaf.tlv.TagAssertionInfoTest" time="0.0"/>
  <testcase name="parserForRegAssertion" classname="org.ebayopensource.fido.uaf.tlv.TagAssertionInfoTest" time="0.001"/>
  <system-out><![CDATA[]]></system-out>
  <system-err><![CDATA[Sep 03, 2017 11:16:49 AM org.ebayopensource.fido.uaf.tlv.TagAssertionInfoTest parserForAuthAssertionFromCertTool
INFO:  isReg=false authenticatorVersion=1 authenticatorMode=1 signatureAlgAndEncoding=2 publicKeyAlgAndEncoding=0
Sep 03, 2017 11:16:49 AM org.ebayopensource.fido.uaf.tlv.TagAssertionInfoTest parserForRegAssertionFromCertTool
INFO:  isReg=true authenticatorVersion=1 authenticatorMode=1 signatureAlgAndEncoding=2 publicKeyAlgAndEncoding=257
Sep 03, 2017 11:16:49 AM org.ebayopensource.fido.uaf.tlv.TagAssertionInfoTest parserForAuthAssertionFromClient
INFO:  isReg=false authenticatorVersion=0 authenticatorMode=1 signatureAlgAndEncoding=1 publicKeyAlgAndEncoding=0
Sep 03, 2017 11:16:49 AM org.ebayopensource.fido.uaf.tlv.TagAssertionInfoTest parserForRegAssertionFromTestClient
INFO:  isReg=true authenticatorVersion=0 authenticatorMode=1 signatureAlgAndEncoding=1 publicKeyAlgAndEncoding=256
Sep 03, 2017 11:16:49 AM org.ebayopensource.fido.uaf.tlv.TagAssertionInfoTest parserForAuthAssertion
INFO:  isReg=false authenticatorVersion=256 authenticatorMode=1 signatureAlgAndEncoding=1 publicKeyAlgAndEncoding=0
Sep 03, 2017 11:16:49 AM org.ebayopensource.fido.uaf.tlv.TagAssertionInfoTest parserForRegAssertion
INFO:  isReg=true authenticatorVersion=256 authenticatorMode=1 signatureAlgAndEncoding=1 publicKeyAlgAndEncoding=256
]]></system-err>
</testsuite>
