<?xml version="1.0" encoding="UTF-8"?>
<testsuite name="org.ebayopensource.fido.uaf.msg.AuthenticationResponseTest" tests="3" skipped="0" failures="0" errors="0" timestamp="2017-09-03T01:16:49" hostname="NIrving-PC" time="0.005">
  <properties/>
  <testcase name="noNullInJson" classname="org.ebayopensource.fido.uaf.msg.AuthenticationResponseTest" time="0.003"/>
  <testcase name="test" classname="org.ebayopensource.fido.uaf.msg.AuthenticationResponseTest" time="0.001"/>
  <testcase name="extInAssertionsNotNull" classname="org.ebayopensource.fido.uaf.msg.AuthenticationResponseTest" time="0.001"/>
  <system-out><![CDATA[]]></system-out>
  <system-err><![CDATA[Sep 03, 2017 11:16:49 AM org.ebayopensource.fido.uaf.msg.AuthenticationResponseTest noNullInJson
INFO: {"assertions":[{"assertion":"SOMETHING"}]}
Sep 03, 2017 11:16:49 AM org.ebayopensource.fido.uaf.msg.AuthenticationResponseTest test
INFO: {"header":{"upv":{"major":1,"minor":0},"op":"Auth","appID":"https://uaf-test-1.noknoktest.com:8443/SampleApp/uaf/facets","serverData":"5s7n8-7_LDAtRIKKYqbAtTTOezVKCjl2mPorYzbpxRrZ-_3wWroMXsF_pLYjNVm_l7bplAx4bkEwK6ibil9EHGfdfKOQ1q0tyEkNJFOgqdjVmLioroxgThlj8Istpt7q"},"fcParams":"eyJhcHBJRCI6Imh0dHBzOi8vdWFmLXRlc3QtMS5ub2tub2t0ZXN0LmNvbTo4NDQzL1NhbXBsZUFwcC91YWYvZmFjZXRzIiwiY2hhbGxlbmdlIjoiSFExVmtUVVFDMU5KRE9vNk9PV2R4ZXdyYjlpNVd0aGpmS0llaEZ4cGV1VSIsImNoYW5uZWxCaW5kaW5nIjp7fSwiZmFjZXRJRCI6ImNvbS5ub2tub2suYW5kcm9pZC5zYW1wbGVhcHAifQ","assertions":[{"assertionScheme":"UAFV1TLV","assertion":"Aj7WAAQ-jgALLgkAQUJDRCNBQkNEDi4FAAABAQEADy4gAHwyJAEX8t1b2wOxbaKOC5ZL7ACqbLo_TtiQfK3DzDsHCi4gAFwCUz-dOuafXKXJLbkUrIzjAU6oDbP8B9iLQRmCf58fEC4AAAkuIABkwI-f3bIe_Uin6IKIFvqLgAOrpk6_nr0oVAK9hIl82A0uBAACAAAABi5AADwDOcBvPslX2bRNy4SvFhAwhEAoBSGUitgMUNChgUSMxss3K3ukekq1paG7Fv1v5mBmDCZVPt2NCTnjUxrjTp4"}]}
Sep 03, 2017 11:16:49 AM org.ebayopensource.fido.uaf.msg.AuthenticationResponseTest extInAssertionsNotNull
INFO: {"header":{"upv":{"major":1,"minor":0},"op":"Auth","appID":"https://uaf-test-1.noknoktest.com:8443/SampleApp/uaf/facets","serverData":"5s7n8-7_LDAtRIKKYqbAtTTOezVKCjl2mPorYzbpxRrZ-_3wWroMXsF_pLYjNVm_l7bplAx4bkEwK6ibil9EHGfdfKOQ1q0tyEkNJFOgqdjVmLioroxgThlj8Istpt7q"},"fcParams":"eyJhcHBJRCI6Imh0dHBzOi8vdWFmLXRlc3QtMS5ub2tub2t0ZXN0LmNvbTo4NDQzL1NhbXBsZUFwcC91YWYvZmFjZXRzIiwiY2hhbGxlbmdlIjoiSFExVmtUVVFDMU5KRE9vNk9PV2R4ZXdyYjlpNVd0aGpmS0llaEZ4cGV1VSIsImNoYW5uZWxCaW5kaW5nIjp7fSwiZmFjZXRJRCI6ImNvbS5ub2tub2suYW5kcm9pZC5zYW1wbGVhcHAifQ","assertions":[{"assertionScheme":"UAFV1TLV","assertion":"Aj7WAAQ-jgALLgkAQUJDRCNBQkNEDi4FAAABAQEADy4gAHwyJAEX8t1b2wOxbaKOC5ZL7ACqbLo_TtiQfK3DzDsHCi4gAFwCUz-dOuafXKXJLbkUrIzjAU6oDbP8B9iLQRmCf58fEC4AAAkuIABkwI-f3bIe_Uin6IKIFvqLgAOrpk6_nr0oVAK9hIl82A0uBAACAAAABi5AADwDOcBvPslX2bRNy4SvFhAwhEAoBSGUitgMUNChgUSMxss3K3ukekq1paG7Fv1v5mBmDCZVPt2NCTnjUxrjTp4"}]}
]]></system-err>
</testsuite>
