<?xml version="1.0" encoding="UTF-8"?>
<testsuite name="org.ebayopensource.fido.uaf.msg.DeregisterAuthenticatorTest" tests="1" skipped="0" failures="0" errors="0" timestamp="2017-09-03T01:16:49" hostname="NIrving-PC" time="0.001">
  <properties/>
  <testcase name="test" classname="org.ebayopensource.fido.uaf.msg.DeregisterAuthenticatorTest" time="0.001"/>
  <system-out><![CDATA[]]></system-out>
  <system-err><![CDATA[Sep 03, 2017 11:16:49 AM org.ebayopensource.fido.uaf.msg.DeregisterAuthenticatorTest test
INFO: {"aaid":"ABCD#ABCD","keyID":"ZMCPn92yHv1Ip-iCiBb6i4ADq6ZOv569KFQCvYSJfNg"}
]]></system-err>
</testsuite>
