<?xml version="1.0" encoding="UTF-8"?>
<testsuite name="org.ebayopensource.fido.uaf.msg.AuthenticationRequestTest" tests="1" skipped="0" failures="0" errors="0" timestamp="2017-09-03T01:16:49" hostname="NIrving-PC" time="0.02">
  <properties/>
  <testcase name="test" classname="org.ebayopensource.fido.uaf.msg.AuthenticationRequestTest" time="0.02"/>
  <system-out><![CDATA[]]></system-out>
  <system-err><![CDATA[Sep 03, 2017 11:16:49 AM org.ebayopensource.fido.uaf.msg.AuthenticationRequestTest test
INFO: {"header":{"upv":{"major":1,"minor":0},"op":"Auth","appID":"https://uaf-test-1.noknoktest.com:8443/SampleApp/uaf/facets","serverData":"5s7n8-7_LDAtRIKKYqbAtTTOezVKCjl2mPorYzbpxRrZ-_3wWroMXsF_pLYjNVm_l7bplAx4bkEwK6ibil9EHGfdfKOQ1q0tyEkNJFOgqdjVmLioroxgThlj8Istpt7q"},"challenge":"HQ1VkTUQC1NJDOo6OOWdxewrb9i5WthjfKIehFxpeuU","policy":{"accepted":[[{}],[{}],[{}],[{}],[{}],[{}],[{},{},{},{}]]}}
]]></system-err>
</testsuite>
