<?xml version="1.0" encoding="UTF-8"?>
<testsuite name="org.ebayopensource.fido.uaf.ops.AuthenticationRequestGenerationTest" tests="2" skipped="0" failures="0" errors="0" timestamp="2017-09-03T01:16:49" hostname="NIrving-PC" time="0.006">
  <properties/>
  <testcase name="withPolicy" classname="org.ebayopensource.fido.uaf.ops.AuthenticationRequestGenerationTest" time="0.003"/>
  <testcase name="notNull" classname="org.ebayopensource.fido.uaf.ops.AuthenticationRequestGenerationTest" time="0.003"/>
  <system-out><![CDATA[]]></system-out>
  <system-err><![CDATA[Sep 03, 2017 11:16:49 AM org.ebayopensource.fido.uaf.ops.AuthenticationRequestGenerationTest withPolicy
INFO: {"header":{"upv":{"major":1,"minor":0},"op":"Auth","appID":"https://uaf.ebay.com/uaf/facets","serverData":"dGVzdF9zaWduYXR1cmUuTVRVd05EUXdNVFF3T1Rnd01BLlNrUkthRXBFUlhkS1JHTjFUREo0ZDFWVWJITlNNMFpPVGtob05tUlZWbmRUTWs1TVlUQTQ"},"challenge":"JDJhJDEwJDcuL2xwUTlsR3FNNHh6dUVwS2NLa08","policy":{"accepted":[[{"aaid":["ABCD#ABCD"]}]]}}
Sep 03, 2017 11:16:49 AM org.ebayopensource.fido.uaf.ops.AuthenticationRequestGenerationTest notNull
INFO: {"header":{"upv":{"major":1,"minor":0},"op":"Auth","appID":"https://uaf.ebay.com/uaf/facets","serverData":"dGVzdF9zaWduYXR1cmUuTVRVd05EUXdNVFF3T1Rnd01nLlNrUkthRXBFUlhkS1IxWlJaVmR3U1dKWGFHNVJibFpvVDBoS1YyUXlPSGxXVmxsNFYwZFY"},"challenge":"JDJhJDEwJGVQeWpIbWhnQnVhOHJWd28yVVYxWGU"}
]]></system-err>
</testsuite>
