<?xml version="1.0" encoding="UTF-8"?>
<testsuite name="org.ebayopensource.fido.uaf.ri.client.AuthenticationRequestProcessingTest" tests="2" skipped="0" failures="0" errors="0" timestamp="2017-09-03T01:16:49" hostname="NIrving-PC" time="0.01">
  <properties/>
  <testcase name="testProcessRequest" classname="org.ebayopensource.fido.uaf.ri.client.AuthenticationRequestProcessingTest" time="0.004"/>
  <testcase name="testWithEmptyAppIdProcessRequest" classname="org.ebayopensource.fido.uaf.ri.client.AuthenticationRequestProcessingTest" time="0.005"/>
  <system-out><![CDATA[]]></system-out>
  <system-err><![CDATA[Sep 03, 2017 11:16:49 AM org.ebayopensource.fido.uaf.ri.client.AuthenticationRequestProcessingTest testProcessRequest
INFO: {"header":{"upv":{"major":1,"minor":0},"op":"Auth","serverData":"5s7n8-7_LDAtRIKKYqbAtTTOezVKCjl2mPorYzbpxRrZ-_3wWroMXsF_pLYjNVm_l7bplAx4bkEwK6ibil9EHGfdfKOQ1q0tyEkNJFOgqdjVmLioroxgThlj8Istpt7q"},"fcParams":"eyJhcHBJRCI6Imh0dHBzOi8vd3d3LmhlYWQydG9lcy5vcmcvZmlkb3VhZi92MS9wdWJsaWMvdWFmL2ZhY2V0cyIsImNoYWxsZW5nZSI6IkhRMVZrVFVRQzFOSkRPbzZPT1dkeGV3cmI5aTVXdGhqZktJZWhGeHBldVUiLCJmYWNldElEIjoiaHR0cHM6Ly93d3cuaGVhZDJ0b2VzLm9yZyJ9","assertions":[{"assertionScheme":"UAFV1TLV","assertion":"Aj7WAAQ-jgALLgkAQUJDRCNBQkNEDi4FAAABAQEADy4gAHwyJAEX8t1b2wOxbaKOC5ZL7ACqbLo_TtiQfK3DzDsHCi4gAFwCUz-dOuafXKXJLbkUrIzjAU6oDbP8B9iLQRmCf58fEC4AAAkuIABkwI-f3bIe_Uin6IKIFvqLgAOrpk6_nr0oVAK9hIl82A0uBAACAAAABi5AADwDOcBvPslX2bRNy4SvFhAwhEAoBSGUitgMUNChgUSMxss3K3ukekq1paG7Fv1v5mBmDCZVPt2NCTnjUxrjTp4"}]}
Sep 03, 2017 11:16:49 AM org.ebayopensource.fido.uaf.ri.client.AuthenticationRequestProcessingTest testWithEmptyAppIdProcessRequest
INFO: {"header":{"upv":{"major":1,"minor":0},"op":"Auth","serverData":"5s7n8-7_LDAtRIKKYqbAtTTOezVKCjl2mPorYzbpxRrZ-_3wWroMXsF_pLYjNVm_l7bplAx4bkEwK6ibil9EHGfdfKOQ1q0tyEkNJFOgqdjVmLioroxgThlj8Istpt7q"},"fcParams":"eyJhcHBJRCI6Imh0dHBzOi8vd3d3LmhlYWQydG9lcy5vcmcvZmlkb3VhZi92MS9wdWJsaWMvdWFmL2ZhY2V0cyIsImNoYWxsZW5nZSI6IkhRMVZrVFVRQzFOSkRPbzZPT1dkeGV3cmI5aTVXdGhqZktJZWhGeHBldVUiLCJmYWNldElEIjoiaHR0cHM6Ly93d3cuaGVhZDJ0b2VzLm9yZyJ9","assertions":[{"assertionScheme":"UAFV1TLV","assertion":"Aj7WAAQ-jgALLgkAQUJDRCNBQkNEDi4FAAABAQEADy4gAHwyJAEX8t1b2wOxbaKOC5ZL7ACqbLo_TtiQfK3DzDsHCi4gAFwCUz-dOuafXKXJLbkUrIzjAU6oDbP8B9iLQRmCf58fEC4AAAkuIABkwI-f3bIe_Uin6IKIFvqLgAOrpk6_nr0oVAK9hIl82A0uBAACAAAABi5AADwDOcBvPslX2bRNy4SvFhAwhEAoBSGUitgMUNChgUSMxss3K3ukekq1paG7Fv1v5mBmDCZVPt2NCTnjUxrjTp4"}]}
]]></system-err>
</testsuite>
