<?xml version="1.0" encoding="UTF-8"?>
<testsuite name="org.ebayopensource.fido.uaf.crypto.KeyCodecTest" tests="3" skipped="0" failures="0" errors="0" timestamp="2017-09-03T01:16:47" hostname="NIrving-PC" time="2.104">
  <properties/>
  <testcase name="pssDER" classname="org.ebayopensource.fido.uaf.crypto.KeyCodecTest" time="0.843"/>
  <testcase name="pss" classname="org.ebayopensource.fido.uaf.crypto.KeyCodecTest" time="1.23"/>
  <testcase name="test" classname="org.ebayopensource.fido.uaf.crypto.KeyCodecTest" time="0.03"/>
  <system-out><![CDATA[]]></system-out>
  <system-err><![CDATA[Sep 03, 2017 11:16:48 AM org.ebayopensource.fido.uaf.crypto.KeyCodecTest pssDER
INFO: priv=MIIEvQIBADANBgkqhkiG9w0BAQEFAASCBKcwggSjAgEAAoIBAQCc9Quwwj9-YjKJAhaUnJ6RTcVbZuBdfearWkgb0_5szNln6puRMahUspLSkIQBqqKqoyRz3P_Wcpm2gW0PcDC0gQbaXOW89Ny0KY4fGEJaY0ftT18vv8jv4jKBr8EqK35PoCeQ8Iv_gnlHOJXvIp119iHSDFcaYmlj8J5HBZe8r9BTta9IonA8sal3JrQKaQIOVqk8DEG3yw8kd5D0MAK2J-hYIvhlE3aFA35DsFj7NjWhPhZ5mXvlBqRXRXoxUAjfdyqTaoxZrY2VFfaWZ6P2oUKYWjcZs4LFeF5-zxRllWJV1BEmGi4K5YsAwXIusxu145oBj31D_gK6CsX-mjBnAgMBAAECggEABHsedVJmW6ZUCQNNP7rk8AMHYl-igijJABVYv6qitdp3TnctL8z6IEjk1iwYCLAlarezn7cseqPU7ZfuVCWAznZsiqliSa2361DQZOTdaBUzhXvhnMxd4TNU-8zXt-t79Kv-1S144beI3NapuSUE18xKFOQTTIaIubix3Bc1yMY0ugqz08oA6WDQ7YdIsOE4AivOag-ZL37IH4wA9Co7mH0cIjD08SjjXu0j612_eUeOtJDDtab9vozmN3Tq3W2Wbi7y4TY1LLT0pRshRB1N94hjQC_bzYhlSGpo7IsJRKVj0-At5tN8aUAA9ckRODoe0CRjcmCddlRV7ggP3qeFWQKBgQDOeVU4AA-Rs95JcRNlhf3glpu2VB29PmGwNTqxMLEa3OWIKhJP2j0572fJ8-NDIXJE5i1RYwvdIploow75tUUaNNgqGn6kuftqsLlYbvjTXGQwDSzI1_vdlT5diJRUsq_eq0VYl9L7tYbBOSW73X5ww_1o63WurYtytD8DgW952wKBgQDCmxrW_nAFESQPYvNle0N3ejftUHbmBJE9OwWHNvNgbgdRoqC3k8D0xsudQXrgExdE3IX90EQXOnifII9k73YV93cKTUMlewJEiuitCNe_qI6DWImD9Vd7e4XCKl2HO8S_jzEGrqcUIZfz0Fx_i_56vxwFMo1PNgNszu4dykhnZQKBgAoGXhrf9eGPKCXMtbJiNRdoeJr7ro33r2qMyxK7WH4DZ6ma0VTLNdnQQ-vMSaaCwzeRLXYcJwFPor8v25RINti05CH3M1rwJMLjXbxrdu1cOQkUOq5tvi7eBi8oaHtMSbm3-x_4DyhlgetzyN88O91hxrYHaKlYh8LD-aND75OtAoGBAJlSfpj4qeU0FgcRXNaNgSA26K1Ogf7DhnKJd9eKUcGdrqKA0MMR5Cp2HaHuHxM_t0uHuwG3_o2WgcZNbuyFRbIU4HL7YHW9LpI2Jw99Mg5MjMurC90thRlCvqW1ny6WxnJuLKApJnXT6dYsSVQsRfkLbNYjd_X6hkRJ3I0X_GeJAoGAMygktBcX5cDzSKgXkH8IyBImWcGa9uMqzGFM_tG5f6sr8sRVw7lkladqZs9q0ViWv9HFndFHOw0Qxev8WLl6vFEDne1u-lNS2HAYJv5tCgoXLMs49NDRteFvaRCczceDYysRJ5vZp3rkJuh5VegqfkoYGP4KXZH506RCH8RTAms
Sep 03, 2017 11:16:48 AM org.ebayopensource.fido.uaf.crypto.KeyCodecTest pssDER
INFO: pub=MIIBIjANBgkqhkiG9w0BAQEFAAOCAQ8AMIIBCgKCAQEAnPULsMI_fmIyiQIWlJyekU3FW2bgXX3mq1pIG9P-bMzZZ-qbkTGoVLKS0pCEAaqiqqMkc9z_1nKZtoFtD3AwtIEG2lzlvPTctCmOHxhCWmNH7U9fL7_I7-Iyga_BKit-T6AnkPCL_4J5RziV7yKddfYh0gxXGmJpY_CeRwWXvK_QU7WvSKJwPLGpdya0CmkCDlapPAxBt8sPJHeQ9DACtifoWCL4ZRN2hQN-Q7BY-zY1oT4WeZl75QakV0V6MVAI33cqk2qMWa2NlRX2lmej9qFCmFo3GbOCxXhefs8UZZViVdQRJhouCuWLAMFyLrMbteOaAY99Q_4CugrF_powZwIDAQAB
Sep 03, 2017 11:16:48 AM org.ebayopensource.fido.uaf.crypto.KeyCodecTest pssDER
INFO: pub format=X.509
Sep 03, 2017 11:16:48 AM org.ebayopensource.fido.uaf.crypto.KeyCodecTest pssDER
INFO: pub alg=RSA
Sep 03, 2017 11:16:49 AM org.ebayopensource.fido.uaf.crypto.KeyCodecTest pss
INFO: priv=MIIEvgIBADANBgkqhkiG9w0BAQEFAASCBKgwggSkAgEAAoIBAQCkDLRA-1ccinkw-7yXN6Ejv20_uXlx7kQYE112giIe3R0DGNDnYIqN2l0lGKe6RtJMzSiQ39zg0BRlb6LdXenfbumSyFV9TWXx9SNavWxwvIp2SYfhtjkfC41sPJ229MBaFDkL_qMVqcdAiFyhQBqGzTqSpOecmwjKeHFRUJrZUFmaZmaf8UmMwHgTyo8epW3c4okojntQ2zGOTOApZTUhTV78sfcD8UXK7z3qsgDm1pa3d7VE8N_L47jxkK5_DlJw60aU3XCqgJNdvHYjKSHw8VbzaTu82j6OhO_O5g8td0wCg4OPBVeCdFT1qu2NikZri8qXFTZR6GdYM5dS38BHAgMBAAECggEAJ5MxAOQhVa9KITj5e_ldlEQf1NmnpIZ4Qt6ZE3e9R3jMAO1BqC-v_RyKj-JsxBFFtmVfveNjY5CO-xF9Vq3LN62IB3LwvLOpPj-G8eL0gBXbyUFf2GGfUg_1ZAETgwl0RcbPJEefjCBTAwxiXDwcqhxkXvANN8hmzIFVxOoPERFf1VIKJ68RQptngr3SkDz4XYYidBwUh86A5vddbUmYr5j0O1yjYPGC03W-kEXPthRsgFN9DrSeUZ4me5NJKMxNnwN6dW2_7jmuG4DhepoUeN6Zh15lAt1rw0TgUHZD994e-TIw7t2MNpmzr9AddY4jzfvXnH3kuACXh14kZ3tbAQKBgQDhxdeJIsnZgEvbMXRT4tJB6bbPA5Hs1Y5MNZRd_N1tgdBsH09XCoi2u2-8VuA_XeAF6CygcOAx-N6tDCgjt1_NiNPhnmBuiuOCVSvBYIRc3yU9qIcKo1DbyE1Yw8oYE2mMZWyn_IGf9HwvdPDHIuRPFtxRQtg1Ca2G6SLR56IKQQKBgQC6A1sXPCu6w972OxTTaGTDTq52x9cDMoxC0SeUyNWJGfjraUXCHUawNOScQxQcu1GnbzVcfgZMomcjP_WY7kKr-TR7-TzVG_4ma6ViSQOr7HkO7hIVGV4kbD4S3D1IMMlGHifCpseLkuzv0SxybbLuKfnV4PUPLUPKQEZvo2ZYhwKBgHNgGiQvjf1DbgBmxm6z5ATg_ZXO2jywaZaSbu6U8Ucr5qnKWk49yN2w7YnOz6wyOfBq1Jts83U2G_1M0BpodGHhgX2z5M241kjdY43f1-Rp-GsI-3G5QfH-61_oNheVnAOuNRenl0p5sxjBZuYs84VjRlWUlk6MUow2CaBBAfLBAoGBAK8CUUW_GvWRK8lHNQTih0sqUAL5alZbzJNg7XiSrDVd9lCmrzc_DC7k1OIgSl_t7Zk2jGIFQDAB7D_CAXRtVtUuli6-BHoM6EWFqgia4ZVz20Isw16Oi4CBRrW_-Phezj_mR0pgWAX9qmbHyqWuiFaDr8eG64nn8IvthVeryLMpAoGBAKE1cN_mMGWlR8ptpqJba9Tb79fyk5JrvvJQ_Kd9HsWVzwSxPvAe4NhgW4LCwnPpreLAcXAEXk7fEExCBprcNJGgLtlHXcHykQpclHjyFDK1FrAOSrCyZQ33o6DOrl_eVRRFr6VPrbas0-u_6upHHN332P6PfYh6Ntdl119UcIhQ
Sep 03, 2017 11:16:49 AM org.ebayopensource.fido.uaf.crypto.KeyCodecTest pss
INFO: pub=MIIBIjANBgkqhkiG9w0BAQEFAAOCAQ8AMIIBCgKCAQEApAy0QPtXHIp5MPu8lzehI79tP7l5ce5EGBNddoIiHt0dAxjQ52CKjdpdJRinukbSTM0okN_c4NAUZW-i3V3p327pkshVfU1l8fUjWr1scLyKdkmH4bY5HwuNbDydtvTAWhQ5C_6jFanHQIhcoUAahs06kqTnnJsIynhxUVCa2VBZmmZmn_FJjMB4E8qPHqVt3OKJKI57UNsxjkzgKWU1IU1e_LH3A_FFyu896rIA5taWt3e1RPDfy-O48ZCufw5ScOtGlN1wqoCTXbx2Iykh8PFW82k7vNo-joTvzuYPLXdMAoODjwVXgnRU9artjYpGa4vKlxU2UehnWDOXUt_ARwIDAQAB
Sep 03, 2017 11:16:49 AM org.ebayopensource.fido.uaf.crypto.KeyCodecTest pss
INFO: pub format=X.509
Sep 03, 2017 11:16:49 AM org.ebayopensource.fido.uaf.crypto.KeyCodecTest pss
INFO: pub alg=RSA
Sep 03, 2017 11:16:49 AM org.ebayopensource.fido.uaf.crypto.KeyCodecTest test
INFO: priv=MIGTAgEAMBMGByqGSM49AgEGCCqGSM49AwEHBHkwdwIBAQQgqDZM_QSiJOxV5bNFm6NdRx_3pD9rGX6Er-NIyK88adagCgYIKoZIzj0DAQehRANCAATJ6HmHo1tJtp6LIsxnhrR4x5I4uAJU0vENzQiAXlEerNGZNwkWD4jrONKZO53sEqrxLZjgecKc3w06GHkYNx1f
Sep 03, 2017 11:16:49 AM org.ebayopensource.fido.uaf.crypto.KeyCodecTest test
INFO: pub=MFkwEwYHKoZIzj0CAQYIKoZIzj0DAQcDQgAEyeh5h6NbSbaeiyLMZ4a0eMeSOLgCVNLxDc0IgF5RHqzRmTcJFg-I6zjSmTud7BKq8S2Y4HnCnN8NOhh5GDcdXw
]]></system-err>
</testsuite>
