<?xml version="1.0" encoding="UTF-8"?>
<testsuite name="org.ebayopensource.fido.uaf.ri.client.AppTest" tests="1" skipped="0" failures="0" errors="0" timestamp="2017-09-03T01:16:49" hostname="NIrving-PC" time="0.033">
  <properties/>
  <testcase name="end2end" classname="org.ebayopensource.fido.uaf.ri.client.AppTest" time="0.033"/>
  <system-out><![CDATA[]]></system-out>
  <system-err><![CDATA[Sep 03, 2017 11:16:49 AM org.ebayopensource.fido.uaf.ri.client.App startRegistration
INFO:  : RegistrationRequest obtained :
Sep 03, 2017 11:16:49 AM org.ebayopensource.fido.uaf.ri.client.App startRegistration
INFO:  : Reg request : {"header":{"upv":{"major":1,"minor":0},"op":"Reg","appID":"https://uaf-test-1.noknoktest.com:8443/SampleApp/uaf/facets","serverData":"IjycjPZYiWMaQ1tKLrJROiXQHmYG0tSSYGjP5mgjsDaM17RQgq0dl3NNDDTx9d-aSR_6hGgclrU2F2Yj-12S67v5VmQHj4eWVseLulHdpk2v_hHtKSvv_DFqL4n2IiUY6XZWVbOnvg"},"challenge":"H9iW9yA9aAXF_lelQoi_DhUk514Ad8Tqv0zCnCqKDpo","username":"apa"}
Sep 03, 2017 11:16:49 AM org.ebayopensource.fido.uaf.ri.client.App startRegistration
INFO:  : RegistrationResponse created : 
Sep 03, 2017 11:16:49 AM org.ebayopensource.fido.uaf.ri.client.App startRegistration
INFO:  : Reg response : {"header":{"upv":{"major":1,"minor":0},"op":"Reg","serverData":"IjycjPZYiWMaQ1tKLrJROiXQHmYG0tSSYGjP5mgjsDaM17RQgq0dl3NNDDTx9d-aSR_6hGgclrU2F2Yj-12S67v5VmQHj4eWVseLulHdpk2v_hHtKSvv_DFqL4n2IiUY6XZWVbOnvg"},"fcParams":"eyJhcHBJRCI6Imh0dHBzOi8vdWFmLXRlc3QtMS5ub2tub2t0ZXN0LmNvbTo4NDQzL1NhbXBsZUFwcC91YWYvZmFjZXRzIiwiY2hhbGxlbmdlIjoiSDlpVzl5QTlhQVhGX2xlbFFvaV9EaFVrNTE0QWQ4VHF2MHpDbkNxS0RwbyIsImZhY2V0SUQiOiJodHRwczovL3d3dy5oZWFkMnRvZXMub3JnIn0","assertions":[{"assertionScheme":"UAFV1TLV","assertion":"AT7uAgM-sQALLgkAQUJDRCNBQkNEDi4HAAABAQEAAAEKLiAA9tBzZC64ecgVQBGSQb5QtEIPC8-Vav4HsHLZDflLaugJLiAAZMCPn92yHv1Ip-iCiBb6i4ADq6ZOv569KFQCvYSJfNgNLggAAQAAAAEAAAAMLkEABJsvEtUsVKh7tmYHhJ2FBm3kHU-OCdWiUYVijgYa81MfkjQ1z6UiHbKP9_nRzIN9anprHqDGcR6q7O20q_yctZAHPjUCBi5AACv8L7YlRMx10gPnszGO6rLFqZFmmRkhtV0TIWuWqYxd1jO0wxam7i5qdEa19u4sfpHFZ9RGI_WHxINkH8FfvAwFLu0BMIIB6TCCAY8CAQEwCQYHKoZIzj0EATB7MQswCQYDVQQGEwJVUzELMAkGA1UECAwCQ0ExCzAJBgNVBAcMAlBBMRAwDgYDVQQKDAdOTkwsSW5jMQ0wCwYDVQQLDAREQU4xMRMwEQYDVQQDDApOTkwsSW5jIENBMRwwGgYJKoZIhvcNAQkBFg1ubmxAZ21haWwuY29tMB4XDTE0MDgyODIxMzU0MFoXDTE3MDUyNDIxMzU0MFowgYYxCzAJBgNVBAYTAlVTMQswCQYDVQQIDAJDQTEWMBQGA1UEBwwNU2FuIEZyYW5jaXNjbzEQMA4GA1UECgwHTk5MLEluYzENMAsGA1UECwwEREFOMTETMBEGA1UEAwwKTk5MLEluYyBDQTEcMBoGCSqGSIb3DQEJARYNbm5sQGdtYWlsLmNvbTBZMBMGByqGSM49AgEGCCqGSM49AwEHA0IABCGBt3CIjnDowzSiF68C2aErYXnDUsWXOYxqIPim0OWg9FFdUYCa6AgKjn1R99Ek2d803sGKROivnavmdVH-SnEwCQYHKoZIzj0EAQNJADBGAiEAzAQujXnSS9AIAh6lGz6ydypLVTsTnBzqGJ4ypIqy_qUCIQCFsuOEGcRV-o4GHPBph_VMrG3NpYh2GKPjsAim_cSNmQ"}]}
Sep 03, 2017 11:16:49 AM org.ebayopensource.fido.uaf.crypto.CertificateValidatorImpl validate
INFO:  : Attestation Cert :   [0]         Version: 1
         SerialNumber: 1
             IssuerDN: C=US,ST=CA,L=PA,O=NNL\,Inc,OU=DAN1,CN=NNL\,Inc CA,E=nnl@gmail.com
           Start Date: Fri Aug 29 07:35:40 AEST 2014
           Final Date: Thu May 25 07:35:40 AEST 2017
            SubjectDN: C=US,ST=CA,L=San Francisco,O=NNL\,Inc,OU=DAN1,CN=NNL\,Inc CA,E=nnl@gmail.com
           Public Key: EC Public Key
            X: 2181b770888e70e8c334a217af02d9a12b6179c352c597398c6a20f8a6d0e5a0
            Y: f4515d51809ae8080a8e7d51f7d124d9df34dec18a44e8af9dabe67551fe4a71

  Signature Algorithm: ECDSA
            Signature: 3046022100cc042e8d79d24bd008021ea51b3eb2
                       772a4b553b139c1cea189e32a48ab2fea5022100
                       85b2e38419c455fa8e061cf06987f54cac6dcda5
                       887618a3e3b008a6fdc48d99

Sep 03, 2017 11:16:49 AM org.ebayopensource.fido.uaf.crypto.CertificateValidatorImpl validate
INFO:  : Cert Alg : ECDSA
Sep 03, 2017 11:16:49 AM org.ebayopensource.fido.uaf.crypto.KeyCodec getKeyAsRawBytes
INFO: Raw key length:65
Sep 03, 2017 11:16:49 AM org.ebayopensource.fido.uaf.ops.RegistrationResponseProcessing processAssertions
INFO: FC: 9tBzZC64ecgVQBGSQb5QtEIPC8-Vav4HsHLZDflLaug
Sep 03, 2017 11:16:49 AM org.ebayopensource.fido.uaf.ri.client.App serverSideRegResponseProcessing
INFO:  : Reg records : [{"authenticator":{"AAID":"ABCD#ABCD","KeyID":"ZMCPn92yHv1Ip-iCiBb6i4ADq6ZOv569KFQCvYSJfNg"},"PublicKey":"BJsvEtUsVKh7tmYHhJ2FBm3kHU-OCdWiUYVijgYa81MfkjQ1z6UiHbKP9_nRzIN9anprHqDGcR6q7O20q_yctZA","AuthenticatorVersion":"0.1","status":"INVALID_USERNAME","attestCert":"MIIB6TCCAY8CAQEwCQYHKoZIzj0EATB7MQswCQYDVQQGEwJVUzELMAkGA1UECAwCQ0ExCzAJBgNVBAcMAlBBMRAwDgYDVQQKDAdOTkwsSW5jMQ0wCwYDVQQLDAREQU4xMRMwEQYDVQQDDApOTkwsSW5jIENBMRwwGgYJKoZIhvcNAQkBFg1ubmxAZ21haWwuY29tMB4XDTE0MDgyODIxMzU0MFoXDTE3MDUyNDIxMzU0MFowgYYxCzAJBgNVBAYTAlVTMQswCQYDVQQIDAJDQTEWMBQGA1UEBwwNU2FuIEZyYW5jaXNjbzEQMA4GA1UECgwHTk5MLEluYzENMAsGA1UECwwEREFOMTETMBEGA1UEAwwKTk5MLEluYyBDQTEcMBoGCSqGSIb3DQEJARYNbm5sQGdtYWlsLmNvbTBZMBMGByqGSM49AgEGCCqGSM49AwEHA0IABCGBt3CIjnDowzSiF68C2aErYXnDUsWXOYxqIPim0OWg9FFdUYCa6AgKjn1R99Ek2d803sGKROivnavmdVH-SnEwCQYHKoZIzj0EAQNJADBGAiEAzAQujXnSS9AIAh6lGz6ydypLVTsTnBzqGJ4ypIqy_qUCIQCFsuOEGcRV-o4GHPBph_VMrG3NpYh2GKPjsAim_cSNmQ","attestDataToSign":"Az6xAAsuCQBBQkNEI0FCQ0QOLgcAAAEBAQAAAQouIAD20HNkLrh5yBVAEZJBvlC0Qg8Lz5Vq_gewctkN-Utq6AkuIABkwI-f3bIe_Uin6IKIFvqLgAOrpk6_nr0oVAK9hIl82A0uCAABAAAAAQAAAAwuQQAEmy8S1SxUqHu2ZgeEnYUGbeQdT44J1aJRhWKOBhrzUx-SNDXPpSIdso_3-dHMg31qemseoMZxHqrs7bSr_Jy1kA","attestSignature":"K_wvtiVEzHXSA-ezMY7qssWpkWaZGSG1XRMha5apjF3WM7TDFqbuLmp0RrX27ix-kcVn1EYj9YfEg2QfwV-8DA","attestVerifiedStatus":"VALID"}]
Sep 03, 2017 11:16:49 AM org.ebayopensource.fido.uaf.ri.client.App startRegistration
INFO:  : RegistrationResponse sent : 
Sep 03, 2017 11:16:49 AM org.ebayopensource.fido.uaf.ri.client.App startRegistration
INFO:  : Reg response : {"header":{"upv":{"major":1,"minor":0},"op":"Reg","serverData":"IjycjPZYiWMaQ1tKLrJROiXQHmYG0tSSYGjP5mgjsDaM17RQgq0dl3NNDDTx9d-aSR_6hGgclrU2F2Yj-12S67v5VmQHj4eWVseLulHdpk2v_hHtKSvv_DFqL4n2IiUY6XZWVbOnvg"},"fcParams":"eyJhcHBJRCI6Imh0dHBzOi8vdWFmLXRlc3QtMS5ub2tub2t0ZXN0LmNvbTo4NDQzL1NhbXBsZUFwcC91YWYvZmFjZXRzIiwiY2hhbGxlbmdlIjoiSDlpVzl5QTlhQVhGX2xlbFFvaV9EaFVrNTE0QWQ4VHF2MHpDbkNxS0RwbyIsImZhY2V0SUQiOiJodHRwczovL3d3dy5oZWFkMnRvZXMub3JnIn0","assertions":[{"assertionScheme":"UAFV1TLV","assertion":"AT7uAgM-sQALLgkAQUJDRCNBQkNEDi4HAAABAQEAAAEKLiAA9tBzZC64ecgVQBGSQb5QtEIPC8-Vav4HsHLZDflLaugJLiAAZMCPn92yHv1Ip-iCiBb6i4ADq6ZOv569KFQCvYSJfNgNLggAAQAAAAEAAAAMLkEABJsvEtUsVKh7tmYHhJ2FBm3kHU-OCdWiUYVijgYa81MfkjQ1z6UiHbKP9_nRzIN9anprHqDGcR6q7O20q_yctZAHPjUCBi5AACv8L7YlRMx10gPnszGO6rLFqZFmmRkhtV0TIWuWqYxd1jO0wxam7i5qdEa19u4sfpHFZ9RGI_WHxINkH8FfvAwFLu0BMIIB6TCCAY8CAQEwCQYHKoZIzj0EATB7MQswCQYDVQQGEwJVUzELMAkGA1UECAwCQ0ExCzAJBgNVBAcMAlBBMRAwDgYDVQQKDAdOTkwsSW5jMQ0wCwYDVQQLDAREQU4xMRMwEQYDVQQDDApOTkwsSW5jIENBMRwwGgYJKoZIhvcNAQkBFg1ubmxAZ21haWwuY29tMB4XDTE0MDgyODIxMzU0MFoXDTE3MDUyNDIxMzU0MFowgYYxCzAJBgNVBAYTAlVTMQswCQYDVQQIDAJDQTEWMBQGA1UEBwwNU2FuIEZyYW5jaXNjbzEQMA4GA1UECgwHTk5MLEluYzENMAsGA1UECwwEREFOMTETMBEGA1UEAwwKTk5MLEluYyBDQTEcMBoGCSqGSIb3DQEJARYNbm5sQGdtYWlsLmNvbTBZMBMGByqGSM49AgEGCCqGSM49AwEHA0IABCGBt3CIjnDowzSiF68C2aErYXnDUsWXOYxqIPim0OWg9FFdUYCa6AgKjn1R99Ek2d803sGKROivnavmdVH-SnEwCQYHKoZIzj0EAQNJADBGAiEAzAQujXnSS9AIAh6lGz6ydypLVTsTnBzqGJ4ypIqy_qUCIQCFsuOEGcRV-o4GHPBph_VMrG3NpYh2GKPjsAim_cSNmQ"}]}
Sep 03, 2017 11:16:49 AM org.ebayopensource.fido.uaf.ri.client.App uafAuthentication
INFO:  : AuthenticationRequest obtained : 
Sep 03, 2017 11:16:49 AM org.ebayopensource.fido.uaf.ri.client.App uafAuthentication
INFO:  : Auth request : {"header":{"upv":{"major":1,"minor":0},"op":"Auth","appID":"https://uaf-test-1.noknoktest.com:8443/SampleApp/uaf/facets","serverData":"5s7n8-7_LDAtRIKKYqbAtTTOezVKCjl2mPorYzbpxRrZ-_3wWroMXsF_pLYjNVm_l7bplAx4bkEwK6ibil9EHGfdfKOQ1q0tyEkNJFOgqdjVmLioroxgThlj8Istpt7q"},"challenge":"HQ1VkTUQC1NJDOo6OOWdxewrb9i5WthjfKIehFxpeuU"}
Sep 03, 2017 11:16:49 AM org.ebayopensource.fido.uaf.ri.client.App uafAuthentication
INFO:  : AuthenticationResponse created : 
Sep 03, 2017 11:16:49 AM org.ebayopensource.fido.uaf.ri.client.App uafAuthentication
INFO:  : Auth response : {"header":{"upv":{"major":1,"minor":0},"op":"Auth","serverData":"5s7n8-7_LDAtRIKKYqbAtTTOezVKCjl2mPorYzbpxRrZ-_3wWroMXsF_pLYjNVm_l7bplAx4bkEwK6ibil9EHGfdfKOQ1q0tyEkNJFOgqdjVmLioroxgThlj8Istpt7q"},"fcParams":"eyJhcHBJRCI6Imh0dHBzOi8vd3d3LmhlYWQydG9lcy5vcmcvZmlkb3VhZi92MS9wdWJsaWMvdWFmL2ZhY2V0cyIsImNoYWxsZW5nZSI6IkhRMVZrVFVRQzFOSkRPbzZPT1dkeGV3cmI5aTVXdGhqZktJZWhGeHBldVUiLCJmYWNldElEIjoiaHR0cHM6Ly93d3cuaGVhZDJ0b2VzLm9yZyJ9","assertions":[{"assertionScheme":"UAFV1TLV","assertion":"Aj7WAAQ-jgALLgkAQUJDRCNBQkNEDi4FAAABAQEADy4gAHwyJAEX8t1b2wOxbaKOC5ZL7ACqbLo_TtiQfK3DzDsHCi4gAFwCUz-dOuafXKXJLbkUrIzjAU6oDbP8B9iLQRmCf58fEC4AAAkuIABkwI-f3bIe_Uin6IKIFvqLgAOrpk6_nr0oVAK9hIl82A0uBAACAAAABi5AADwDOcBvPslX2bRNy4SvFhAwhEAoBSGUitgMUNChgUSMxss3K3ukekq1paG7Fv1v5mBmDCZVPt2NCTnjUxrjTp4"}]}
Sep 03, 2017 11:16:49 AM org.ebayopensource.fido.uaf.ops.AuthenticationResponseProcessing getAlgAndEncoding
INFO:  : SignatureAlgAndEncoding : UAF_ALG_SIGN_SECP256R1_ECDSA_SHA256_RAW
Sep 03, 2017 11:16:49 AM org.ebayopensource.fido.uaf.ops.AuthenticationResponseProcessing verifySignature
INFO:  : pub 		   : BJsvEtUsVKh7tmYHhJ2FBm3kHU-OCdWiUYVijgYa81MfkjQ1z6UiHbKP9_nRzIN9anprHqDGcR6q7O20q_yctZA
Sep 03, 2017 11:16:49 AM org.ebayopensource.fido.uaf.ops.AuthenticationResponseProcessing verifySignature
INFO:  : dataForSigning : BD6OAAsuCQBBQkNEI0FCQ0QOLgUAAAEBAQAPLiAAfDIkARfy3VvbA7Ftoo4LlkvsAKpsuj9O2JB8rcPMOwcKLiAAXAJTP5065p9cpcktuRSsjOMBTqgNs_wH2ItBGYJ_nx8QLgAACS4gAGTAj5_dsh79SKfogogW-ouAA6umTr-evShUAr2EiXzYDS4EAAIAAAA
Sep 03, 2017 11:16:49 AM org.ebayopensource.fido.uaf.ops.AuthenticationResponseProcessing verifySignature
INFO:  : signature 	   : PAM5wG8-yVfZtE3LhK8WEDCEQCgFIZSK2AxQ0KGBRIzGyzcre6R6SrWlobsW_W_mYGYMJlU-3Y0JOeNTGuNOng
Sep 03, 2017 11:16:49 AM org.ebayopensource.fido.uaf.crypto.KeyCodec getKeyAsRawBytes
INFO: Raw key length:65
Sep 03, 2017 11:16:49 AM org.ebayopensource.fido.uaf.ri.client.App serverSideAuthResponseProcessing
INFO:  : Auth records : [{"AAID":"ABCD#ABCD","KeyID":"ZMCPn92yHv1Ip-iCiBb6i4ADq6ZOv569KFQCvYSJfNg","status":"SUCCESS"}]
]]></system-err>
</testsuite>
