<?xml version="1.0" encoding="UTF-8"?>
<testsuite name="org.ebayopensource.fido.uaf.msg.RegistrationResponseTest" tests="1" skipped="0" failures="0" errors="0" timestamp="2017-09-03T01:16:49" hostname="NIrving-PC" time="0.002">
  <properties/>
  <testcase name="test" classname="org.ebayopensource.fido.uaf.msg.RegistrationResponseTest" time="0.002"/>
  <system-out><![CDATA[]]></system-out>
  <system-err><![CDATA[Sep 03, 2017 11:16:49 AM org.ebayopensource.fido.uaf.msg.RegistrationResponseTest test
INFO: {"header":{"upv":{"major":1,"minor":0},"op":"Reg","appID":"https://uaf-test-1.noknoktest.com:8443/SampleApp/uaf/facets","serverData":"IjycjPZYiWMaQ1tKLrJROiXQHmYG0tSSYGjP5mgjsDaM17RQgq0dl3NNDDTx9d-aSR_6hGgclrU2F2Yj-12S67v5VmQHj4eWVseLulHdpk2v_hHtKSvv_DFqL4n2IiUY6XZWVbOnvg"},"fcParams":"eyJhcHBJRCI6Imh0dHBzOi8vdWFmLXRlc3QtMS5ub2tub2t0ZXN0LmNvbTo4NDQzL1NhbXBsZUFwcC91YWYvZmFjZXRzIiwiY2hhbGxlbmdlIjoiSDlpVzl5QTlhQVhGX2xlbFFvaV9EaFVrNTE0QWQ4VHF2MHpDbkNxS0RwbyIsImNoYW5uZWxCaW5kaW5nIjp7fSwiZmFjZXRJRCI6ImNvbS5ub2tub2suYW5kcm9pZC5zYW1wbGVhcHAifQ","assertions":[{"assertionScheme":"UAFV1TLV","assertion":"AT7uAgM-sQALLgkAQUJDRCNBQkNEDi4HAAABAQEAAAEKLiAA9tBzZC64ecgVQBGSQb5QtEIPC8-Vav4HsHLZDflLaugJLiAAZMCPn92yHv1Ip-iCiBb6i4ADq6ZOv569KFQCvYSJfNgNLggAAQAAAAEAAAAMLkEABJsvEtUsVKh7tmYHhJ2FBm3kHU-OCdWiUYVijgYa81MfkjQ1z6UiHbKP9_nRzIN9anprHqDGcR6q7O20q_yctZAHPjUCBi5AACv8L7YlRMx10gPnszGO6rLFqZFmmRkhtV0TIWuWqYxd1jO0wxam7i5qdEa19u4sfpHFZ9RGI_WHxINkH8FfvAwFLu0BMIIB6TCCAY8CAQEwCQYHKoZIzj0EATB7MQswCQYDVQQGEwJVUzELMAkGA1UECAwCQ0ExCzAJBgNVBAcMAlBBMRAwDgYDVQQKDAdOTkwsSW5jMQ0wCwYDVQQLDAREQU4xMRMwEQYDVQQDDApOTkwsSW5jIENBMRwwGgYJKoZIhvcNAQkBFg1ubmxAZ21haWwuY29tMB4XDTE0MDgyODIxMzU0MFoXDTE3MDUyNDIxMzU0MFowgYYxCzAJBgNVBAYTAlVTMQswCQYDVQQIDAJDQTEWMBQGA1UEBwwNU2FuIEZyYW5jaXNjbzEQMA4GA1UECgwHTk5MLEluYzENMAsGA1UECwwEREFOMTETMBEGA1UEAwwKTk5MLEluYyBDQTEcMBoGCSqGSIb3DQEJARYNbm5sQGdtYWlsLmNvbTBZMBMGByqGSM49AgEGCCqGSM49AwEHA0IABCGBt3CIjnDowzSiF68C2aErYXnDUsWXOYxqIPim0OWg9FFdUYCa6AgKjn1R99Ek2d803sGKROivnavmdVH-SnEwCQYHKoZIzj0EAQNJADBGAiEAzAQujXnSS9AIAh6lGz6ydypLVTsTnBzqGJ4ypIqy_qUCIQCFsuOEGcRV-o4GHPBph_VMrG3NpYh2GKPjsAim_cSNmQ"}]}
]]></system-err>
</testsuite>
